Running: C:\Xilinx\14.7\ISE_DS\ISE\bin\nt64\unwrapped\fuse.exe -intstyle ise -incremental -o C:/Users/Jacob/Desktop/VHDL/DSD_Final/TestTL_isim_beh.exe -prj C:/Users/Jacob/Desktop/VHDL/DSD_Final/TestTL_beh.prj work.TestTL 
ISim P.20131013 (signature 0x7708f090)
Number of CPUs detected in this system: 4
Turning on mult-threading, number of parallel sub-compilation jobs: 8 
Determining compilation order of HDL files
Parsing VHDL file "C:/Users/Jacob/Desktop/VHDL/DSD_Final/RF.vhd" into library work
Parsing VHDL file "C:/Users/Jacob/Desktop/VHDL/DSD_Final/ARM_ALU.vhd" into library work
Parsing VHDL file "C:/Users/Jacob/Desktop/VHDL/DSD_Final/Datapath.vhd" into library work
Parsing VHDL file "C:/Users/Jacob/Desktop/VHDL/DSD_Final/Controller.vhd" into library work
Parsing VHDL file "C:/Users/Jacob/Desktop/VHDL/DSD_Final/Instruction_Memory.vhd" into library work
Parsing VHDL file "C:/Users/Jacob/Desktop/VHDL/DSD_Final/HEXon7segDisp.vhd" into library work
Parsing VHDL file "C:/Users/Jacob/Desktop/VHDL/DSD_Final/Data_Memory.vhd" into library work
Parsing VHDL file "C:/Users/Jacob/Desktop/VHDL/DSD_Final/ARM.vhd" into library work
Parsing VHDL file "C:/Users/Jacob/Desktop/VHDL/DSD_Final/TopLevel.vhd" into library work
Parsing VHDL file "C:/Users/Jacob/Desktop/VHDL/DSD_Final/TestTL.vhd" into library work
Starting static elaboration
Completed static elaboration
Compiling package standard
Compiling package std_logic_1164
Compiling package numeric_std
Compiling package textio
Compiling architecture behavioral of entity HEXon7segDisp [hexon7segdisp_default]
Compiling architecture behavioral of entity Data_Memory [\Data_Memory(32,9)\]
Compiling architecture behavioral of entity Instruction_Memory [\Instruction_Memory(32,9)\]
Compiling architecture behavioral of entity controller [controller_default]
Compiling architecture behavioral of entity ARM_ALU [arm_alu_default]
Compiling architecture behavioral of entity Register_File [\Register_File(32,4)\]
Compiling architecture behavioral of entity datapath [datapath_default]
Compiling architecture behavioral of entity arm [arm_default]
Compiling architecture behavioral of entity TopLevel [toplevel_default]
Compiling architecture behavior of entity testtl
Time Resolution for simulation is 1ps.
Waiting for 6 sub-compilation(s) to finish...
Compiled 23 VHDL Units
Built simulation executable C:/Users/Jacob/Desktop/VHDL/DSD_Final/TestTL_isim_beh.exe
Fuse Memory Usage: 36368 KB
Fuse CPU Usage: 906 ms
