ISim log file
Running: /home/local/PODS/jschwel1/EECE351/DSD_Final/TestTL_isim_beh.exe -intstyle ise -gui -tclbatch isim.cmd -wdb /home/local/PODS/jschwel1/EECE351/DSD_Final/TestTL_isim_beh.wdb 
ISim P.20131013 (signature 0xfbc00daa)
This is a Full version of ISim.
Time resolution is 1 ps
# onerror resume
# wave add /
# run 1000 ns
Simulator is doing circuit initialization process.
at 0 ps, Instance /testtl/uut/Data_Memory_Comp/ : Warning: NUMERIC_STD.TO_INTEGER: metavalue detected, returning 0
at 0 ps, Instance /testtl/uut/IMem/ : Warning: NUMERIC_STD.TO_INTEGER: metavalue detected, returning 0
at 0 ps, Instance /testtl/uut/ARM_Comp/CTRLR/ : Warning: NUMERIC_STD.TO_INTEGER: metavalue detected, returning 0
at 0 ps, Instance /testtl/uut/ARM_Comp/DP/ALU/ : Warning: NUMERIC_STD.TO_INTEGER: metavalue detected, returning 0
Finished circuit initialization process.
at 0 ps, Instance /testtl/uut/ARM_Comp/CTRLR/ : Warning: NUMERIC_STD.TO_INTEGER: metavalue detected, returning 0
at 0 ps, Instance /testtl/uut/ARM_Comp/DP/RF/ : Warning: NUMERIC_STD.TO_INTEGER: metavalue detected, returning 0
at 0 ps, Instance /testtl/uut/ARM_Comp/DP/RF/ : Warning: NUMERIC_STD.TO_INTEGER: metavalue detected, returning 0
at 0 ps, Instance /testtl/uut/ARM_Comp/DP/RF/ : Warning: NUMERIC_STD.TO_INTEGER: metavalue detected, returning 0
at 0 ps, Instance /testtl/uut/ARM_Comp/DP/RF/ : Warning: NUMERIC_STD.TO_INTEGER: metavalue detected, returning 0
at 0 ps, Instance /testtl/uut/ARM_Comp/DP/ALU/ : Warning: NUMERIC_STD.TO_INTEGER: metavalue detected, returning 0
at 0 ps, Instance /testtl/uut/ARM_Comp/DP/ALU/ : Warning: NUMERIC_STD.TO_INTEGER: metavalue detected, returning 0
at 0 ps, Instance /testtl/uut/Data_Memory_Comp/ : Warning: NUMERIC_STD.TO_INTEGER: metavalue detected, returning 0
at 0 ps, Instance /testtl/uut/Data_Memory_Comp/ : Warning: NUMERIC_STD.TO_INTEGER: metavalue detected, returning 0
# exit 0
